# JRE version: Java(TM) SE Runtime Environment (22.0.1+8) (build 22.0.1+8-16)
# Java VM: Java HotSpot(TM) 64-Bit Server VM (22.0.1+8-16, mixed mode, sharing, tiered, compressed oops, compressed class ptrs, g1 gc, windows-amd64)
GC Precious Log:
 CardTable entry size: 512
 Card Set container configuration: InlinePtr #cards 4 size 8 Array Of Cards #cards 16 size 48 Howl #buckets 8 coarsen threshold 3686 Howl Bitmap #cards 512 size 80 coarsen threshold 460 Card regions per heap region 1 cards per card region 4096
 CPUs: 8 total, 8 available
 Memory: 12014M
 Large Page Support: Disabled
 NUMA Support: Disabled
 Compressed Oops: Enabled (Zero based)
 Heap Region Size: 2M
 Heap Min Capacity: 8M
 Heap Initial Capacity: 188M
 Heap Max Capacity: 3004M
 Pre-touch: Disabled
 Parallel Workers: 8
 Concurrent Workers: 2
 Concurrent Refinement Workers: 8
 Periodic GC: Disabled
Heap:
 garbage-first heap   total reserved 3076096K, committed 356352K, used 227135K [0x0000000744400000, 0x0000000800000000)
  region size 2048K, 7 young (14336K), 7 survivors (14336K)
 Metaspace       used 87125K, committed 87488K, reserved 1179648K
  class space    used 8467K, committed 8640K, reserved 1048576K
GC Heap History (20 events):
Event: 52.967 GC heap after
{Heap after GC invocations=38 (full 0):
 garbage-first heap   total reserved 3076096K, committed 258048K, used 127617K [0x0000000744400000, 0x0000000800000000)
  region size 2048K, 8 young (16384K), 8 survivors (16384K)
 Metaspace       used 81756K, committed 82112K, reserved 1179648K
  class space    used 8147K, committed 8320K, reserved 1048576K
}
Event: 53.233 GC heap before
{Heap before GC invocations=38 (full 0):
 garbage-first heap   total reserved 3076096K, committed 258048K, used 225921K [0x0000000744400000, 0x0000000800000000)
  region size 2048K, 56 young (114688K), 8 survivors (16384K)
 Metaspace       used 81762K, committed 82112K, reserved 1179648K
  class space    used 8148K, committed 8320K, reserved 1048576K
}
Event: 53.246 GC heap after
{Heap after GC invocations=39 (full 0):
 garbage-first heap   total reserved 3076096K, committed 258048K, used 131902K [0x0000000744400000, 0x0000000800000000)
  region size 2048K, 7 young (14336K), 7 survivors (14336K)
 Metaspace       used 81762K, committed 82112K, reserved 1179648K
  class space    used 8148K, committed 8320K, reserved 1048576K
}
Event: 56.219 GC heap before
{Heap before GC invocations=39 (full 0):
 garbage-first heap   total reserved 3076096K, committed 258048K, used 226110K [0x0000000744400000, 0x0000000800000000)
  region size 2048K, 54 young (110592K), 7 survivors (14336K)
 Metaspace       used 86367K, committed 86720K, reserved 1179648K
  class space    used 8415K, committed 8576K, reserved 1048576K
}
Event: 56.231 GC heap after
{Heap after GC invocations=40 (full 0):
 garbage-first heap   total reserved 3076096K, committed 315392K, used 139797K [0x0000000744400000, 0x0000000800000000)
  region size 2048K, 7 young (14336K), 7 survivors (14336K)
 Metaspace       used 86367K, committed 86720K, reserved 1179648K
  class space    used 8415K, committed 8576K, reserved 1048576K
}
Event: 62.845 GC heap before
{Heap before GC invocations=41 (full 0):
 garbage-first heap   total reserved 3076096K, committed 315392K, used 299541K [0x0000000744400000, 0x0000000800000000)
  region size 2048K, 76 young (155648K), 7 survivors (14336K)
 Metaspace       used 87074K, committed 87488K, reserved 1179648K
  class space    used 8467K, committed 8640K, reserved 1048576K
}
Event: 62.867 GC heap after
{Heap after GC invocations=42 (full 0):
 garbage-first heap   total reserved 3076096K, committed 344064K, used 166510K [0x0000000744400000, 0x0000000800000000)
  region size 2048K, 10 young (20480K), 10 survivors (20480K)
 Metaspace       used 87074K, committed 87488K, reserved 1179648K
  class space    used 8467K, committed 8640K, reserved 1048576K
}
Event: 63.205 GC heap before
{Heap before GC invocations=42 (full 0):
 garbage-first heap   total reserved 3076096K, committed 344064K, used 297582K [0x0000000744400000, 0x0000000800000000)
  region size 2048K, 74 young (151552K), 10 survivors (20480K)
 Metaspace       used 87085K, committed 87488K, reserved 1179648K
  class space    used 8467K, committed 8640K, reserved 1048576K
}
Event: 63.220 GC heap after
{Heap after GC invocations=43 (full 0):
 garbage-first heap   total reserved 3076096K, committed 344064K, used 179109K [0x0000000744400000, 0x0000000800000000)
  region size 2048K, 6 young (12288K), 6 survivors (12288K)
 Metaspace       used 87085K, committed 87488K, reserved 1179648K
  class space    used 8467K, committed 8640K, reserved 1048576K
}
Event: 63.436 GC heap before
{Heap before GC invocations=43 (full 0):
 garbage-first heap   total reserved 3076096K, committed 344064K, used 301989K [0x0000000744400000, 0x0000000800000000)
  region size 2048K, 66 young (135168K), 6 survivors (12288K)
 Metaspace       used 87087K, committed 87488K, reserved 1179648K
  class space    used 8467K, committed 8640K, reserved 1048576K
}
Event: 63.445 GC heap after
{Heap after GC invocations=44 (full 0):
 garbage-first heap   total reserved 3076096K, committed 344064K, used 189189K [0x0000000744400000, 0x0000000800000000)
  region size 2048K, 5 young (10240K), 5 survivors (10240K)
 Metaspace       used 87087K, committed 87488K, reserved 1179648K
  class space    used 8467K, committed 8640K, reserved 1048576K
}
Event: 63.720 GC heap before
{Heap before GC invocations=45 (full 0):
 garbage-first heap   total reserved 3076096K, committed 344064K, used 307973K [0x0000000744400000, 0x0000000800000000)
  region size 2048K, 63 young (129024K), 5 survivors (10240K)
 Metaspace       used 87088K, committed 87488K, reserved 1179648K
  class space    used 8467K, committed 8640K, reserved 1048576K
}
Event: 63.729 GC heap after
{Heap after GC invocations=46 (full 0):
 garbage-first heap   total reserved 3076096K, committed 344064K, used 198481K [0x0000000744400000, 0x0000000800000000)
  region size 2048K, 5 young (10240K), 5 survivors (10240K)
 Metaspace       used 87088K, committed 87488K, reserved 1179648K
  class space    used 8467K, committed 8640K, reserved 1048576K
}
Event: 63.917 GC heap before
{Heap before GC invocations=46 (full 0):
 garbage-first heap   total reserved 3076096K, committed 344064K, used 311121K [0x0000000744400000, 0x0000000800000000)
  region size 2048K, 60 young (122880K), 5 survivors (10240K)
 Metaspace       used 87109K, committed 87488K, reserved 1179648K
  class space    used 8467K, committed 8640K, reserved 1048576K
}
Event: 63.925 GC heap after
{Heap after GC invocations=47 (full 0):
 garbage-first heap   total reserved 3076096K, committed 344064K, used 205055K [0x0000000744400000, 0x0000000800000000)
  region size 2048K, 5 young (10240K), 5 survivors (10240K)
 Metaspace       used 87109K, committed 87488K, reserved 1179648K
  class space    used 8467K, committed 8640K, reserved 1048576K
}
Event: 64.088 GC heap before
{Heap before GC invocations=47 (full 0):
 garbage-first heap   total reserved 3076096K, committed 344064K, used 313599K [0x0000000744400000, 0x0000000800000000)
  region size 2048K, 58 young (118784K), 5 survivors (10240K)
 Metaspace       used 87109K, committed 87488K, reserved 1179648K
  class space    used 8467K, committed 8640K, reserved 1048576K
}
Event: 64.097 GC heap after
{Heap after GC invocations=48 (full 0):
 garbage-first heap   total reserved 3076096K, committed 344064K, used 212889K [0x0000000744400000, 0x0000000800000000)
  region size 2048K, 8 young (16384K), 8 survivors (16384K)
 Metaspace       used 87109K, committed 87488K, reserved 1179648K
  class space    used 8467K, committed 8640K, reserved 1048576K
}
Event: 64.318 GC heap before
{Heap before GC invocations=49 (full 0):
 garbage-first heap   total reserved 3076096K, committed 356352K, used 307097K [0x0000000744400000, 0x0000000800000000)
  region size 2048K, 54 young (110592K), 8 survivors (16384K)
 Metaspace       used 87125K, committed 87488K, reserved 1179648K
  class space    used 8467K, committed 8640K, reserved 1048576K
}
Event: 64.330 GC heap after
{Heap after GC invocations=50 (full 0):
 garbage-first heap   total reserved 3076096K, committed 356352K, used 221073K [0x0000000744400000, 0x0000000800000000)
  region size 2048K, 4 young (8192K), 4 survivors (8192K)
 Metaspace       used 87125K, committed 87488K, reserved 1179648K
  class space    used 8467K, committed 8640K, reserved 1048576K
}
Event: 64.550 GC heap before
{Heap before GC invocations=50 (full 0):
 garbage-first heap   total reserved 3076096K, committed 356352K, used 325521K [0x0000000744400000, 0x0000000800000000)
  region size 2048K, 55 young (112640K), 4 survivors (8192K)
 Metaspace       used 87125K, committed 87488K, reserved 1179648K
  class space    used 8467K, committed 8640K, reserved 1048576K
}

